have_func: checking for rb_block_call()... -------------------- yes

"gcc -o conftest -I/home/dev/.rbenv/versions/2.7.5/include/ruby-2.7.0/x86_64-linux -I/home/dev/.rbenv/versions/2.7.5/include/ruby-2.7.0/ruby/backward -I/home/dev/.rbenv/versions/2.7.5/include/ruby-2.7.0 -I. -I/home/dev/.rbenv/versions/2.7.5/include    -g -O2 -fPIC conftest.c  -L. -L/home/dev/.rbenv/versions/2.7.5/lib -Wl,-rpath,/home/dev/.rbenv/versions/2.7.5/lib -L. -L/home/dev/.rbenv/versions/2.7.5/lib  -fstack-protector-strong -rdynamic -Wl,-export-dynamic     -Wl,-rpath,/home/dev/.rbenv/versions/2.7.5/lib -L/home/dev/.rbenv/versions/2.7.5/lib -lruby  -lm   -lc"
checked program was:
/* begin */
1: #include "ruby.h"
2: 
3: int main(int argc, char **argv)
4: {
5:   return !!argv[argc];
6: }
/* end */

"gcc -o conftest -I/home/dev/.rbenv/versions/2.7.5/include/ruby-2.7.0/x86_64-linux -I/home/dev/.rbenv/versions/2.7.5/include/ruby-2.7.0/ruby/backward -I/home/dev/.rbenv/versions/2.7.5/include/ruby-2.7.0 -I. -I/home/dev/.rbenv/versions/2.7.5/include    -g -O2 -fPIC conftest.c  -L. -L/home/dev/.rbenv/versions/2.7.5/lib -Wl,-rpath,/home/dev/.rbenv/versions/2.7.5/lib -L. -L/home/dev/.rbenv/versions/2.7.5/lib  -fstack-protector-strong -rdynamic -Wl,-export-dynamic     -Wl,-rpath,/home/dev/.rbenv/versions/2.7.5/lib -L/home/dev/.rbenv/versions/2.7.5/lib -lruby  -lm   -lc"
checked program was:
/* begin */
 1: #include "ruby.h"
 2: 
 3: /*top*/
 4: extern int t(void);
 5: int main(int argc, char **argv)
 6: {
 7:   if (argc > 1000000) {
 8:     int (* volatile tp)(void)=(int (*)(void))&t;
 9:     printf("%d", (*tp)());
10:   }
11: 
12:   return !!argv[argc];
13: }
14: int t(void) { void ((*volatile p)()); p = (void ((*)()))rb_block_call; return !p; }
/* end */

--------------------

have_func: checking for rb_ary_subseq()... -------------------- yes

"gcc -o conftest -I/home/dev/.rbenv/versions/2.7.5/include/ruby-2.7.0/x86_64-linux -I/home/dev/.rbenv/versions/2.7.5/include/ruby-2.7.0/ruby/backward -I/home/dev/.rbenv/versions/2.7.5/include/ruby-2.7.0 -I. -I/home/dev/.rbenv/versions/2.7.5/include    -g -O2 -fPIC conftest.c  -L. -L/home/dev/.rbenv/versions/2.7.5/lib -Wl,-rpath,/home/dev/.rbenv/versions/2.7.5/lib -L. -L/home/dev/.rbenv/versions/2.7.5/lib  -fstack-protector-strong -rdynamic -Wl,-export-dynamic     -Wl,-rpath,/home/dev/.rbenv/versions/2.7.5/lib -L/home/dev/.rbenv/versions/2.7.5/lib -lruby  -lm   -lc"
checked program was:
/* begin */
 1: #include "ruby.h"
 2: 
 3: /*top*/
 4: extern int t(void);
 5: int main(int argc, char **argv)
 6: {
 7:   if (argc > 1000000) {
 8:     int (* volatile tp)(void)=(int (*)(void))&t;
 9:     printf("%d", (*tp)());
10:   }
11: 
12:   return !!argv[argc];
13: }
14: int t(void) { void ((*volatile p)()); p = (void ((*)()))rb_ary_subseq; return !p; }
/* end */

--------------------

